<?xml version="1.0" encoding="UTF-8"?>
<!-- Generated by org.testng.reporters.JUnitXMLReporter -->
<testsuite hostname="DESKTOP-31FBK49" name="Default test" tests="2" failures="0" timestamp="10 Jun 2020 20:33:42 GMT" time="64.258" errors="0">
  <testcase name="VerifyFactorial" time="24.743" classname="FactorialCalculator.Calculator.testing.Factorial"/>
  <testcase name="VerifyFactorialError" time="32.811" classname="FactorialCalculator.Calculator.testing.Factorial"/>
</testsuite> <!-- Default test -->
